#if (${runtime} == 'glassfish')
#set ($dbDriver = "org.apache.derby.jdbc.EmbeddedDriver")
#set ($dbUrl = "jdbc:derby:/tmp/jakartaee-cafe-test-data;create=true")
#elseif (${runtime} == 'tomee')
#set ($dbDriver = "org.hsqldb.jdbcDriver")
#set ($dbUrl = "jdbc:hsqldb:file:jakartaee-cafe-test-data;shutdown=true")
#else
#set ($dbDriver = "org.h2.jdbcx.JdbcDataSource")
#set ($dbUrl = "jdbc:h2:file:./jakartaee-cafe-test-data/jakartaee-cafe-data;create=true")
#end
<?xml version="1.0" encoding="UTF-8"?>
#if (${runtime} == 'glassfish' && (${jakartaVersion} == '9'))
<web-app version="5.0"
		 xmlns="https://jakarta.ee/xml/ns/jakartaee"
		 xmlns:xsi="http://www.w3.org/2001/XMLSchema-instance"
		 xsi:schemaLocation="https://jakarta.ee/xml/ns/jakartaee https://jakarta.ee/xml/ns/jakartaee/web-app_5_0.xsd">
#else
<web-app version="3.1"
		 xmlns="http://xmlns.jcp.org/xml/ns/javaee"
		 xmlns:xsi="http://www.w3.org/2001/XMLSchema-instance"
		 xsi:schemaLocation="http://xmlns.jcp.org/xml/ns/javaee http://xmlns.jcp.org/xml/ns/javaee/web-app_3_1.xsd">
#end
	<servlet>
		<servlet-name>${jeePackage}.ws.rs.core.Application</servlet-name>
	</servlet>
	<servlet-mapping>
		<servlet-name>${jeePackage}.ws.rs.core.Application</servlet-name>
		<url-pattern>/rest/*</url-pattern>
	</servlet-mapping>
	<welcome-file-list>
		<welcome-file>index.html</welcome-file>
	</welcome-file-list>
	<data-source>
		<name>java:app/jdbc/JakartaEECafeDB</name>
		<class-name>$dbDriver</class-name>
		<url>$dbUrl</url>
		<max-pool-size>32</max-pool-size>
		<min-pool-size>2</min-pool-size>
	</data-source>
</web-app>