<?xml version="1.0" encoding="UTF-8"?>
#if (${runtime} == 'glassfish' && (${jakartaVersion} == '9'))
<persistence version="3.0"
	 xmlns="https://jakarta.ee/xml/ns/persistence"
	 xmlns:xsi="http://www.w3.org/2001/XMLSchema-instance"
	 xsi:schemaLocation="https://jakarta.ee/xml/ns/persistence https://jakarta.ee/xml/ns/persistence/persistence_3_0.xsd">
#else
<persistence version="2.1"
	 xmlns="http://xmlns.jcp.org/xml/ns/persistence"
	 xmlns:xsi="http://www.w3.org/2001/XMLSchema-instance"
	 xsi:schemaLocation="http://xmlns.jcp.org/xml/ns/persistence http://xmlns.jcp.org/xml/ns/persistence/persistence_2_1.xsd">
#end
	<persistence-unit name="coffees">
		<jta-data-source>java:app/jdbc/JakartaEECafeDB</jta-data-source>
		<properties>
			<property
				name="${jeePackage}.persistence.schema-generation.database.action"
				value="drop-and-create" />
			<property name="eclipselink.logging.level.sql" value="FINE" />
			<property name="eclipselink.logging.parameters" value="true" />
			<property name="hibernate.show_sql" value="true" />
		</properties>
	</persistence-unit>
</persistence>